<?xml version="1.0" encoding="UTF-8"?>
<testsuite name="test.SomeTest" time="0" tests="6" errors="0" skipped="2" failures="1">
  <properties>
[...]
</properties>
  <testcase name="mytest1" classname="test.SomeTest" time="0"/>
  <testcase name="mytest2" classname="test.SomeTest" time="0"/>
  <testcase name="mytest3" classname="test.SomeTest" time="0">
    <skipped/>
  </testcase>
  <testcase name="mytest4" classname="test.SomeTest" time="0"/>
  <testcase name="mytest5" classname="test.SomeTest" time="0">
    <failure message=" ************** value of r = 8&lt;10 so oops ************** " type="java.lang.AssertionError"><![CDATA[java.lang.AssertionError:  ************** value of r = 8<10 so oops ************** 
	at org.junit.Assert.fail(Assert.java:89)
	at test.Base.run(Base.java:40)
	at test.SomeTest.mytest5(SomeTest.java:49)
]]></failure>
  </testcase>
  <testcase name="mytest6" classname="test.SomeTest" time="0">
    <skipped/>
  </testcase>
</testsuite>